# JRE version: OpenJDK Runtime Environment (8.0_191-b12) (build 1.8.0_191-8u191-b12-2ubuntu0.16.04.1-b12)
# Java VM: OpenJDK 64-Bit Server VM (25.191-b12 mixed mode linux-amd64 compressed oops)
Heap:
 PSYoungGen      total 487936K, used 8768K [0x00000000d6700000, 0x00000000f5f00000, 0x0000000100000000)
  eden space 470016K, 0% used [0x00000000d6700000,0x00000000d6700000,0x00000000f3200000)
  from space 17920K, 48% used [0x00000000f3c00000,0x00000000f4490030,0x00000000f4d80000)
  to   space 11776K, 0% used [0x00000000f5380000,0x00000000f5380000,0x00000000f5f00000)
 ParOldGen       total 135168K, used 44546K [0x0000000083400000, 0x000000008b800000, 0x00000000d6700000)
  object space 135168K, 32% used [0x0000000083400000,0x0000000085f80900,0x000000008b800000)
 Metaspace       used 69845K, capacity 73252K, committed 73600K, reserved 1114112K
  class space    used 8833K, capacity 9480K, committed 9600K, reserved 1048576K
GC Heap History (10 events):
Event: 28.341 GC heap after
Heap after GC invocations=15 (full 2):
 PSYoungGen      total 311808K, used 9451K [0x00000000d6700000, 0x00000000efa80000, 0x0000000100000000)
  eden space 294912K, 0% used [0x00000000d6700000,0x00000000d6700000,0x00000000e8700000)
  from space 16896K, 55% used [0x00000000e8700000,0x00000000e903ac60,0x00000000e9780000)
  to   space 15872K, 0% used [0x00000000eeb00000,0x00000000eeb00000,0x00000000efa80000)
 ParOldGen       total 89600K, used 44091K [0x0000000083400000, 0x0000000088b80000, 0x00000000d6700000)
  object space 89600K, 49% used [0x0000000083400000,0x0000000085f0ec88,0x0000000088b80000)
 Metaspace       used 54992K, capacity 57700K, committed 57984K, reserved 1099776K
  class space    used 6974K, capacity 7498K, committed 7552K, reserved 1048576K
}
Event: 29.677 GC heap before
{Heap before GC invocations=16 (full 2):
 PSYoungGen      total 311808K, used 129619K [0x00000000d6700000, 0x00000000efa80000, 0x0000000100000000)
  eden space 294912K, 40% used [0x00000000d6700000,0x00000000ddc5a360,0x00000000e8700000)
  from space 16896K, 55% used [0x00000000e8700000,0x00000000e903ac60,0x00000000e9780000)
  to   space 15872K, 0% used [0x00000000eeb00000,0x00000000eeb00000,0x00000000efa80000)
 ParOldGen       total 89600K, used 44091K [0x0000000083400000, 0x0000000088b80000, 0x00000000d6700000)
  object space 89600K, 49% used [0x0000000083400000,0x0000000085f0ec88,0x0000000088b80000)
 Metaspace       used 56159K, capacity 58944K, committed 59028K, reserved 1101824K
  class space    used 7125K, capacity 7652K, committed 7680K, reserved 1048576K
Event: 29.734 GC heap after
Heap after GC invocations=16 (full 2):
 PSYoungGen      total 396800K, used 3874K [0x00000000d6700000, 0x00000000f0300000, 0x0000000100000000)
  eden space 380928K, 0% used [0x00000000d6700000,0x00000000d6700000,0x00000000edb00000)
  from space 15872K, 24% used [0x00000000eeb00000,0x00000000eeec89f0,0x00000000efa80000)
  to   space 16384K, 0% used [0x00000000edb00000,0x00000000edb00000,0x00000000eeb00000)
 ParOldGen       total 89600K, used 50623K [0x0000000083400000, 0x0000000088b80000, 0x00000000d6700000)
  object space 89600K, 56% used [0x0000000083400000,0x000000008656fd28,0x0000000088b80000)
 Metaspace       used 56159K, capacity 58944K, committed 59028K, reserved 1101824K
  class space    used 7125K, capacity 7652K, committed 7680K, reserved 1048576K
}
Event: 29.734 GC heap before
{Heap before GC invocations=17 (full 3):
 PSYoungGen      total 396800K, used 3874K [0x00000000d6700000, 0x00000000f0300000, 0x0000000100000000)
  eden space 380928K, 0% used [0x00000000d6700000,0x00000000d6700000,0x00000000edb00000)
  from space 15872K, 24% used [0x00000000eeb00000,0x00000000eeec89f0,0x00000000efa80000)
  to   space 16384K, 0% used [0x00000000edb00000,0x00000000edb00000,0x00000000eeb00000)
 ParOldGen       total 89600K, used 50623K [0x0000000083400000, 0x0000000088b80000, 0x00000000d6700000)
  object space 89600K, 56% used [0x0000000083400000,0x000000008656fd28,0x0000000088b80000)
 Metaspace       used 56159K, capacity 58944K, committed 59028K, reserved 1101824K
  class space    used 7125K, capacity 7652K, committed 7680K, reserved 1048576K
Event: 30.270 GC heap after
Heap after GC invocations=17 (full 3):
 PSYoungGen      total 396800K, used 0K [0x00000000d6700000, 0x00000000f0300000, 0x0000000100000000)
  eden space 380928K, 0% used [0x00000000d6700000,0x00000000d6700000,0x00000000edb00000)
  from space 15872K, 0% used [0x00000000eeb00000,0x00000000eeb00000,0x00000000efa80000)
  to   space 16384K, 0% used [0x00000000edb00000,0x00000000edb00000,0x00000000eeb00000)
 ParOldGen       total 135168K, used 44522K [0x0000000083400000, 0x000000008b800000, 0x00000000d6700000)
  object space 135168K, 32% used [0x0000000083400000,0x0000000085f7a900,0x000000008b800000)
 Metaspace       used 56155K, capacity 58938K, committed 59028K, reserved 1101824K
  class space    used 7124K, capacity 7651K, committed 7680K, reserved 1048576K
}
Event: 66.601 GC heap before
{Heap before GC invocations=18 (full 3):
 PSYoungGen      total 396800K, used 380928K [0x00000000d6700000, 0x00000000f0300000, 0x0000000100000000)
  eden space 380928K, 100% used [0x00000000d6700000,0x00000000edb00000,0x00000000edb00000)
  from space 15872K, 0% used [0x00000000eeb00000,0x00000000eeb00000,0x00000000efa80000)
  to   space 16384K, 0% used [0x00000000edb00000,0x00000000edb00000,0x00000000eeb00000)
 ParOldGen       total 135168K, used 44522K [0x0000000083400000, 0x000000008b800000, 0x00000000d6700000)
  object space 135168K, 32% used [0x0000000083400000,0x0000000085f7a900,0x000000008b800000)
 Metaspace       used 65762K, capacity 68888K, committed 68992K, reserved 1110016K
  class space    used 8498K, capacity 9077K, committed 9088K, reserved 1048576K
Event: 66.627 GC heap after
Heap after GC invocations=18 (full 3):
 PSYoungGen      total 397312K, used 15876K [0x00000000d6700000, 0x00000000f6580000, 0x0000000100000000)
  eden space 380928K, 0% used [0x00000000d6700000,0x00000000d6700000,0x00000000edb00000)
  from space 16384K, 96% used [0x00000000edb00000,0x00000000eea81120,0x00000000eeb00000)
  to   space 18432K, 0% used [0x00000000f5380000,0x00000000f5380000,0x00000000f6580000)
 ParOldGen       total 135168K, used 44530K [0x0000000083400000, 0x000000008b800000, 0x00000000d6700000)
  object space 135168K, 32% used [0x0000000083400000,0x0000000085f7c900,0x000000008b800000)
 Metaspace       used 65762K, capacity 68888K, committed 68992K, reserved 1110016K
  class space    used 8498K, capacity 9077K, committed 9088K, reserved 1048576K
}
Event: 3643.688 GC heap before
{Heap before GC invocations=19 (full 3):
 PSYoungGen      total 397312K, used 396804K [0x00000000d6700000, 0x00000000f6580000, 0x0000000100000000)
  eden space 380928K, 100% used [0x00000000d6700000,0x00000000edb00000,0x00000000edb00000)
  from space 16384K, 96% used [0x00000000edb00000,0x00000000eea81120,0x00000000eeb00000)
  to   space 18432K, 0% used [0x00000000f5380000,0x00000000f5380000,0x00000000f6580000)
 ParOldGen       total 135168K, used 44530K [0x0000000083400000, 0x000000008b800000, 0x00000000d6700000)
  object space 135168K, 32% used [0x0000000083400000,0x0000000085f7c900,0x000000008b800000)
 Metaspace       used 69103K, capacity 72518K, committed 72832K, reserved 1112064K
  class space    used 8827K, capacity 9473K, committed 9600K, reserved 1048576K
Event: 3643.712 GC heap after
Heap after GC invocations=19 (full 3):
 PSYoungGen      total 481792K, used 11312K [0x00000000d6700000, 0x00000000f5f00000, 0x0000000100000000)
  eden space 470016K, 0% used [0x00000000d6700000,0x00000000d6700000,0x00000000f3200000)
  from space 11776K, 96% used [0x00000000f5380000,0x00000000f5e8c220,0x00000000f5f00000)
  to   space 17920K, 0% used [0x00000000f3c00000,0x00000000f3c00000,0x00000000f4d80000)
 ParOldGen       total 135168K, used 44538K [0x0000000083400000, 0x000000008b800000, 0x00000000d6700000)
  object space 135168K, 32% used [0x0000000083400000,0x0000000085f7e900,0x000000008b800000)
 Metaspace       used 69103K, capacity 72518K, committed 72832K, reserved 1112064K
  class space    used 8827K, capacity 9473K, committed 9600K, reserved 1048576K
}
Event: 9659.374 GC heap before
{Heap before GC invocations=20 (full 3):
 PSYoungGen      total 481792K, used 481328K [0x00000000d6700000, 0x00000000f5f00000, 0x0000000100000000)
  eden space 470016K, 100% used [0x00000000d6700000,0x00000000f3200000,0x00000000f3200000)
  from space 11776K, 96% used [0x00000000f5380000,0x00000000f5e8c220,0x00000000f5f00000)
  to   space 17920K, 0% used [0x00000000f3c00000,0x00000000f3c00000,0x00000000f4d80000)
 ParOldGen       total 135168K, used 44538K [0x0000000083400000, 0x000000008b800000, 0x00000000d6700000)
  object space 135168K, 32% used [0x0000000083400000,0x0000000085f7e900,0x000000008b800000)
 Metaspace       used 69845K, capacity 73252K, committed 73600K, reserved 1114112K
  class space    used 8833K, capacity 9480K, committed 9600K, reserved 1048576K

