# JRE version: OpenJDK Runtime Environment (8.0_191-b12) (build 1.8.0_191-8u191-b12-2ubuntu0.16.04.1-b12)
# Java VM: OpenJDK 64-Bit Server VM (25.191-b12 mixed mode linux-amd64 compressed oops)
Heap:
 PSYoungGen      total 257024K, used 15342K [0x00000000d6700000, 0x00000000e7100000, 0x0000000100000000)
  eden space 241664K, 0% used [0x00000000d6700000,0x00000000d6700000,0x00000000e5300000)
  from space 15360K, 99% used [0x00000000e5300000,0x00000000e61fb800,0x00000000e6200000)
  to   space 12288K, 0% used [0x00000000e6380000,0x00000000e6380000,0x00000000e6f80000)
 ParOldGen       total 46592K, used 11980K [0x0000000083400000, 0x0000000086180000, 0x00000000d6700000)
  object space 46592K, 25% used [0x0000000083400000,0x0000000083fb3228,0x0000000086180000)
 Metaspace       used 34194K, capacity 35236K, committed 35416K, reserved 1081344K
  class space    used 4278K, capacity 4504K, committed 4608K, reserved 1048576K
GC Heap History (10 events):
Event: 3.372 GC heap after
Heap after GC invocations=5 (full 0):
 PSYoungGen      total 70656K, used 5107K [0x00000000d6700000, 0x00000000dfa00000, 0x0000000100000000)
  eden space 65536K, 0% used [0x00000000d6700000,0x00000000d6700000,0x00000000da700000)
  from space 5120K, 99% used [0x00000000da700000,0x00000000dabfce38,0x00000000dac00000)
  to   space 9728K, 0% used [0x00000000df080000,0x00000000df080000,0x00000000dfa00000)
 ParOldGen       total 86016K, used 6303K [0x0000000083400000, 0x0000000088800000, 0x00000000d6700000)
  object space 86016K, 7% used [0x0000000083400000,0x0000000083a27de8,0x0000000088800000)
 Metaspace       used 19003K, capacity 19552K, committed 19840K, reserved 1067008K
  class space    used 2407K, capacity 2567K, committed 2688K, reserved 1048576K
}
Event: 3.540 GC heap before
{Heap before GC invocations=6 (full 0):
 PSYoungGen      total 70656K, used 24546K [0x00000000d6700000, 0x00000000dfa00000, 0x0000000100000000)
  eden space 65536K, 29% used [0x00000000d6700000,0x00000000d79fbcf0,0x00000000da700000)
  from space 5120K, 99% used [0x00000000da700000,0x00000000dabfce38,0x00000000dac00000)
  to   space 9728K, 0% used [0x00000000df080000,0x00000000df080000,0x00000000dfa00000)
 ParOldGen       total 86016K, used 6303K [0x0000000083400000, 0x0000000088800000, 0x00000000d6700000)
  object space 86016K, 7% used [0x0000000083400000,0x0000000083a27de8,0x0000000088800000)
 Metaspace       used 20483K, capacity 21060K, committed 21248K, reserved 1067008K
  class space    used 2550K, capacity 2703K, committed 2816K, reserved 1048576K
Event: 3.619 GC heap after
Heap after GC invocations=6 (full 0):
 PSYoungGen      total 140800K, used 6598K [0x00000000d6700000, 0x00000000dfa00000, 0x0000000100000000)
  eden space 131072K, 0% used [0x00000000d6700000,0x00000000d6700000,0x00000000de700000)
  from space 9728K, 67% used [0x00000000df080000,0x00000000df6f1a28,0x00000000dfa00000)
  to   space 9728K, 0% used [0x00000000de700000,0x00000000de700000,0x00000000df080000)
 ParOldGen       total 86016K, used 6311K [0x0000000083400000, 0x0000000088800000, 0x00000000d6700000)
  object space 86016K, 7% used [0x0000000083400000,0x0000000083a29de8,0x0000000088800000)
 Metaspace       used 20483K, capacity 21060K, committed 21248K, reserved 1067008K
  class space    used 2550K, capacity 2703K, committed 2816K, reserved 1048576K
}
Event: 3.619 GC heap before
{Heap before GC invocations=7 (full 1):
 PSYoungGen      total 140800K, used 6598K [0x00000000d6700000, 0x00000000dfa00000, 0x0000000100000000)
  eden space 131072K, 0% used [0x00000000d6700000,0x00000000d6700000,0x00000000de700000)
  from space 9728K, 67% used [0x00000000df080000,0x00000000df6f1a28,0x00000000dfa00000)
  to   space 9728K, 0% used [0x00000000de700000,0x00000000de700000,0x00000000df080000)
 ParOldGen       total 86016K, used 6311K [0x0000000083400000, 0x0000000088800000, 0x00000000d6700000)
  object space 86016K, 7% used [0x0000000083400000,0x0000000083a29de8,0x0000000088800000)
 Metaspace       used 20483K, capacity 21060K, committed 21248K, reserved 1067008K
  class space    used 2550K, capacity 2703K, committed 2816K, reserved 1048576K
Event: 3.668 GC heap after
Heap after GC invocations=7 (full 1):
 PSYoungGen      total 140800K, used 0K [0x00000000d6700000, 0x00000000dfa00000, 0x0000000100000000)
  eden space 131072K, 0% used [0x00000000d6700000,0x00000000d6700000,0x00000000de700000)
  from space 9728K, 0% used [0x00000000df080000,0x00000000df080000,0x00000000dfa00000)
  to   space 9728K, 0% used [0x00000000de700000,0x00000000de700000,0x00000000df080000)
 ParOldGen       total 46592K, used 6227K [0x0000000083400000, 0x0000000086180000, 0x00000000d6700000)
  object space 46592K, 13% used [0x0000000083400000,0x0000000083a14d18,0x0000000086180000)
 Metaspace       used 20483K, capacity 21060K, committed 21248K, reserved 1067008K
  class space    used 2550K, capacity 2703K, committed 2816K, reserved 1048576K
}
Event: 5.489 GC heap before
{Heap before GC invocations=8 (full 1):
 PSYoungGen      total 140800K, used 131072K [0x00000000d6700000, 0x00000000dfa00000, 0x0000000100000000)
  eden space 131072K, 100% used [0x00000000d6700000,0x00000000de700000,0x00000000de700000)
  from space 9728K, 0% used [0x00000000df080000,0x00000000df080000,0x00000000dfa00000)
  to   space 9728K, 0% used [0x00000000de700000,0x00000000de700000,0x00000000df080000)
 ParOldGen       total 46592K, used 6227K [0x0000000083400000, 0x0000000086180000, 0x00000000d6700000)
  object space 46592K, 13% used [0x0000000083400000,0x0000000083a14d18,0x0000000086180000)
 Metaspace       used 29475K, capacity 30442K, committed 30592K, reserved 1075200K
  class space    used 3687K, capacity 3910K, committed 3968K, reserved 1048576K
Event: 5.514 GC heap after
Heap after GC invocations=8 (full 1):
 PSYoungGen      total 140800K, used 9713K [0x00000000d6700000, 0x00000000e6f80000, 0x0000000100000000)
  eden space 131072K, 0% used [0x00000000d6700000,0x00000000d6700000,0x00000000de700000)
  from space 9728K, 99% used [0x00000000de700000,0x00000000df07c440,0x00000000df080000)
  to   space 12288K, 0% used [0x00000000e6380000,0x00000000e6380000,0x00000000e6f80000)
 ParOldGen       total 46592K, used 9236K [0x0000000083400000, 0x0000000086180000, 0x00000000d6700000)
  object space 46592K, 19% used [0x0000000083400000,0x0000000083d05348,0x0000000086180000)
 Metaspace       used 29475K, capacity 30442K, committed 30592K, reserved 1075200K
  class space    used 3687K, capacity 3910K, committed 3968K, reserved 1048576K
}
Event: 17.945 GC heap before
{Heap before GC invocations=9 (full 1):
 PSYoungGen      total 140800K, used 140785K [0x00000000d6700000, 0x00000000e6f80000, 0x0000000100000000)
  eden space 131072K, 100% used [0x00000000d6700000,0x00000000de700000,0x00000000de700000)
  from space 9728K, 99% used [0x00000000de700000,0x00000000df07c440,0x00000000df080000)
  to   space 12288K, 0% used [0x00000000e6380000,0x00000000e6380000,0x00000000e6f80000)
 ParOldGen       total 46592K, used 9236K [0x0000000083400000, 0x0000000086180000, 0x00000000d6700000)
  object space 46592K, 19% used [0x0000000083400000,0x0000000083d05348,0x0000000086180000)
 Metaspace       used 32425K, capacity 33504K, committed 33792K, reserved 1079296K
  class space    used 4040K, capacity 4288K, committed 4352K, reserved 1048576K
Event: 18.270 GC heap after
Heap after GC invocations=9 (full 1):
 PSYoungGen      total 253952K, used 12256K [0x00000000d6700000, 0x00000000e7100000, 0x0000000100000000)
  eden space 241664K, 0% used [0x00000000d6700000,0x00000000d6700000,0x00000000e5300000)
  from space 12288K, 99% used [0x00000000e6380000,0x00000000e6f78090,0x00000000e6f80000)
  to   space 15360K, 0% used [0x00000000e5300000,0x00000000e5300000,0x00000000e6200000)
 ParOldGen       total 46592K, used 11584K [0x0000000083400000, 0x0000000086180000, 0x00000000d6700000)
  object space 46592K, 24% used [0x0000000083400000,0x0000000083f501a0,0x0000000086180000)
 Metaspace       used 32425K, capacity 33504K, committed 33792K, reserved 1079296K
  class space    used 4040K, capacity 4288K, committed 4352K, reserved 1048576K
}
Event: 756.615 GC heap before
{Heap before GC invocations=10 (full 1):
 PSYoungGen      total 253952K, used 169220K [0x00000000d6700000, 0x00000000e7100000, 0x0000000100000000)
  eden space 241664K, 64% used [0x00000000d6700000,0x00000000e00491a8,0x00000000e5300000)
  from space 12288K, 99% used [0x00000000e6380000,0x00000000e6f78090,0x00000000e6f80000)
  to   space 15360K, 0% used [0x00000000e5300000,0x00000000e5300000,0x00000000e6200000)
 ParOldGen       total 46592K, used 11584K [0x0000000083400000, 0x0000000086180000, 0x00000000d6700000)
  object space 46592K, 24% used [0x0000000083400000,0x0000000083f501a0,0x0000000086180000)
 Metaspace       used 34194K, capacity 35236K, committed 35416K, reserved 1081344K
  class space    used 4278K, capacity 4504K, committed 4608K, reserved 1048576K

