# JRE version: OpenJDK Runtime Environment (8.0_191-b12) (build 1.8.0_191-8u191-b12-2ubuntu0.16.04.1-b12)
# Java VM: OpenJDK 64-Bit Server VM (25.191-b12 mixed mode linux-amd64 compressed oops)
Heap:
 PSYoungGen      total 364544K, used 10368K [0x00000000d6700000, 0x00000000ee780000, 0x0000000100000000)
  eden space 346624K, 0% used [0x00000000d6700000,0x00000000d6700000,0x00000000eb980000)
  from space 17920K, 57% used [0x00000000eb980000,0x00000000ec3a0238,0x00000000ecb00000)
  to   space 18432K, 0% used [0x00000000ecb00000,0x00000000ecb00000,0x00000000edd00000)
 ParOldGen       total 78848K, used 38435K [0x0000000083400000, 0x0000000088100000, 0x00000000d6700000)
  object space 78848K, 48% used [0x0000000083400000,0x0000000085988fb0,0x0000000088100000)
 Metaspace       used 55994K, capacity 58756K, committed 58880K, reserved 1099776K
  class space    used 7101K, capacity 7652K, committed 7680K, reserved 1048576K
GC Heap History (10 events):
Event: 12.222 GC heap after
Heap after GC invocations=10 (full 1):
 PSYoungGen      total 205824K, used 12793K [0x00000000d6700000, 0x00000000e9280000, 0x0000000100000000)
  eden space 191488K, 0% used [0x00000000d6700000,0x00000000d6700000,0x00000000e2200000)
  from space 14336K, 89% used [0x00000000e2200000,0x00000000e2e7e7e0,0x00000000e3000000)
  to   space 15360K, 0% used [0x00000000e8380000,0x00000000e8380000,0x00000000e9280000)
 ParOldGen       total 50688K, used 14451K [0x0000000083400000, 0x0000000086580000, 0x00000000d6700000)
  object space 50688K, 28% used [0x0000000083400000,0x000000008421cc68,0x0000000086580000)
 Metaspace       used 34189K, capacity 35246K, committed 35416K, reserved 1081344K
  class space    used 4267K, capacity 4503K, committed 4608K, reserved 1048576K
}
Event: 12.222 GC heap before
{Heap before GC invocations=11 (full 2):
 PSYoungGen      total 205824K, used 12793K [0x00000000d6700000, 0x00000000e9280000, 0x0000000100000000)
  eden space 191488K, 0% used [0x00000000d6700000,0x00000000d6700000,0x00000000e2200000)
  from space 14336K, 89% used [0x00000000e2200000,0x00000000e2e7e7e0,0x00000000e3000000)
  to   space 15360K, 0% used [0x00000000e8380000,0x00000000e8380000,0x00000000e9280000)
 ParOldGen       total 50688K, used 14451K [0x0000000083400000, 0x0000000086580000, 0x00000000d6700000)
  object space 50688K, 28% used [0x0000000083400000,0x000000008421cc68,0x0000000086580000)
 Metaspace       used 34189K, capacity 35246K, committed 35416K, reserved 1081344K
  class space    used 4267K, capacity 4503K, committed 4608K, reserved 1048576K
Event: 12.452 GC heap after
Heap after GC invocations=11 (full 2):
 PSYoungGen      total 205824K, used 0K [0x00000000d6700000, 0x00000000e9280000, 0x0000000100000000)
  eden space 191488K, 0% used [0x00000000d6700000,0x00000000d6700000,0x00000000e2200000)
  from space 14336K, 0% used [0x00000000e2200000,0x00000000e2200000,0x00000000e3000000)
  to   space 15360K, 0% used [0x00000000e8380000,0x00000000e8380000,0x00000000e9280000)
 ParOldGen       total 78848K, used 18227K [0x0000000083400000, 0x0000000088100000, 0x00000000d6700000)
  object space 78848K, 23% used [0x0000000083400000,0x00000000845ccea8,0x0000000088100000)
 Metaspace       used 34189K, capacity 35246K, committed 35416K, reserved 1081344K
  class space    used 4267K, capacity 4503K, committed 4608K, reserved 1048576K
}
Event: 416.992 GC heap before
{Heap before GC invocations=12 (full 2):
 PSYoungGen      total 205824K, used 191488K [0x00000000d6700000, 0x00000000e9280000, 0x0000000100000000)
  eden space 191488K, 100% used [0x00000000d6700000,0x00000000e2200000,0x00000000e2200000)
  from space 14336K, 0% used [0x00000000e2200000,0x00000000e2200000,0x00000000e3000000)
  to   space 15360K, 0% used [0x00000000e8380000,0x00000000e8380000,0x00000000e9280000)
 ParOldGen       total 78848K, used 18227K [0x0000000083400000, 0x0000000088100000, 0x00000000d6700000)
  object space 78848K, 23% used [0x0000000083400000,0x00000000845ccea8,0x0000000088100000)
 Metaspace       used 40785K, capacity 42252K, committed 42496K, reserved 1087488K
  class space    used 5074K, capacity 5372K, committed 5376K, reserved 1048576K
Event: 417.055 GC heap after
Heap after GC invocations=12 (full 2):
 PSYoungGen      total 269824K, used 9647K [0x00000000d6700000, 0x00000000e8d00000, 0x0000000100000000)
  eden space 260096K, 0% used [0x00000000d6700000,0x00000000d6700000,0x00000000e6500000)
  from space 9728K, 99% used [0x00000000e8380000,0x00000000e8cebc80,0x00000000e8d00000)
  to   space 14848K, 0% used [0x00000000e7000000,0x00000000e7000000,0x00000000e7e80000)
 ParOldGen       total 78848K, used 18227K [0x0000000083400000, 0x0000000088100000, 0x00000000d6700000)
  object space 78848K, 23% used [0x0000000083400000,0x00000000845ccea8,0x0000000088100000)
 Metaspace       used 40785K, capacity 42252K, committed 42496K, reserved 1087488K
  class space    used 5074K, capacity 5372K, committed 5376K, reserved 1048576K
}
Event: 422.799 GC heap before
{Heap before GC invocations=13 (full 2):
 PSYoungGen      total 269824K, used 269743K [0x00000000d6700000, 0x00000000e8d00000, 0x0000000100000000)
  eden space 260096K, 100% used [0x00000000d6700000,0x00000000e6500000,0x00000000e6500000)
  from space 9728K, 99% used [0x00000000e8380000,0x00000000e8cebc80,0x00000000e8d00000)
  to   space 14848K, 0% used [0x00000000e7000000,0x00000000e7000000,0x00000000e7e80000)
 ParOldGen       total 78848K, used 18227K [0x0000000083400000, 0x0000000088100000, 0x00000000d6700000)
  object space 78848K, 23% used [0x0000000083400000,0x00000000845ccea8,0x0000000088100000)
 Metaspace       used 48989K, capacity 51014K, committed 51200K, reserved 1093632K
  class space    used 6137K, capacity 6535K, committed 6656K, reserved 1048576K
Event: 422.866 GC heap after
Heap after GC invocations=13 (full 2):
 PSYoungGen      total 286208K, used 14847K [0x00000000d6700000, 0x00000000edd00000, 0x0000000100000000)
  eden space 271360K, 0% used [0x00000000d6700000,0x00000000d6700000,0x00000000e7000000)
  from space 14848K, 99% used [0x00000000e7000000,0x00000000e7e7ffd0,0x00000000e7e80000)
  to   space 18432K, 0% used [0x00000000ecb00000,0x00000000ecb00000,0x00000000edd00000)
 ParOldGen       total 78848K, used 23105K [0x0000000083400000, 0x0000000088100000, 0x00000000d6700000)
  object space 78848K, 29% used [0x0000000083400000,0x0000000084a90458,0x0000000088100000)
 Metaspace       used 48989K, capacity 51014K, committed 51200K, reserved 1093632K
  class space    used 6137K, capacity 6535K, committed 6656K, reserved 1048576K
}
Event: 428.344 GC heap before
{Heap before GC invocations=14 (full 2):
 PSYoungGen      total 286208K, used 286207K [0x00000000d6700000, 0x00000000edd00000, 0x0000000100000000)
  eden space 271360K, 100% used [0x00000000d6700000,0x00000000e7000000,0x00000000e7000000)
  from space 14848K, 99% used [0x00000000e7000000,0x00000000e7e7ffd0,0x00000000e7e80000)
  to   space 18432K, 0% used [0x00000000ecb00000,0x00000000ecb00000,0x00000000edd00000)
 ParOldGen       total 78848K, used 23105K [0x0000000083400000, 0x0000000088100000, 0x00000000d6700000)
  object space 78848K, 29% used [0x0000000083400000,0x0000000084a90458,0x0000000088100000)
 Metaspace       used 52771K, capacity 55278K, committed 55424K, reserved 1097728K
  class space    used 6681K, capacity 7187K, committed 7296K, reserved 1048576K
Event: 428.460 GC heap after
Heap after GC invocations=14 (full 2):
 PSYoungGen      total 365056K, used 8621K [0x00000000d6700000, 0x00000000ee780000, 0x0000000100000000)
  eden space 346624K, 0% used [0x00000000d6700000,0x00000000d6700000,0x00000000eb980000)
  from space 18432K, 46% used [0x00000000ecb00000,0x00000000ed36b750,0x00000000edd00000)
  to   space 17920K, 0% used [0x00000000eb980000,0x00000000eb980000,0x00000000ecb00000)
 ParOldGen       total 78848K, used 32515K [0x0000000083400000, 0x0000000088100000, 0x00000000d6700000)
  object space 78848K, 41% used [0x0000000083400000,0x00000000853c0f80,0x0000000088100000)
 Metaspace       used 52771K, capacity 55278K, committed 55424K, reserved 1097728K
  class space    used 6681K, capacity 7187K, committed 7296K, reserved 1048576K
}
Event: 435.562 GC heap before
{Heap before GC invocations=15 (full 2):
 PSYoungGen      total 365056K, used 355245K [0x00000000d6700000, 0x00000000ee780000, 0x0000000100000000)
  eden space 346624K, 100% used [0x00000000d6700000,0x00000000eb980000,0x00000000eb980000)
  from space 18432K, 46% used [0x00000000ecb00000,0x00000000ed36b750,0x00000000edd00000)
  to   space 17920K, 0% used [0x00000000eb980000,0x00000000eb980000,0x00000000ecb00000)
 ParOldGen       total 78848K, used 32515K [0x0000000083400000, 0x0000000088100000, 0x00000000d6700000)
  object space 78848K, 41% used [0x0000000083400000,0x00000000853c0f80,0x0000000088100000)
 Metaspace       used 55994K, capacity 58756K, committed 58880K, reserved 1099776K
  class space    used 7101K, capacity 7652K, committed 7680K, reserved 1048576K

