# JRE version: OpenJDK Runtime Environment (8.0_191-b12) (build 1.8.0_191-8u191-b12-2ubuntu0.16.04.1-b12)
# Java VM: OpenJDK 64-Bit Server VM (25.191-b12 mixed mode linux-amd64 compressed oops)
Heap:
 PSYoungGen      total 281600K, used 19949K [0x00000000d6700000, 0x00000000e8e00000, 0x0000000100000000)
  eden space 261632K, 0% used [0x00000000d6700000,0x00000000d6700000,0x00000000e6680000)
  from space 19968K, 99% used [0x00000000e6680000,0x00000000e79fb6c0,0x00000000e7a00000)
  to   space 19456K, 0% used [0x00000000e7a00000,0x00000000e7a00000,0x00000000e8d00000)
 ParOldGen       total 97792K, used 45984K [0x0000000083400000, 0x0000000089380000, 0x00000000d6700000)
  object space 97792K, 47% used [0x0000000083400000,0x00000000860e80d0,0x0000000089380000)
 Metaspace       used 29804K, capacity 30762K, committed 30848K, reserved 1077248K
  class space    used 3417K, capacity 3686K, committed 3712K, reserved 1048576K
GC Heap History (10 events):
Event: 2.240 GC heap after
Heap after GC invocations=3 (full 0):
 PSYoungGen      total 70656K, used 5104K [0x00000000d6700000, 0x00000000df100000, 0x0000000100000000)
  eden space 65536K, 0% used [0x00000000d6700000,0x00000000d6700000,0x00000000da700000)
  from space 5120K, 99% used [0x00000000da700000,0x00000000dabfc010,0x00000000dac00000)
  to   space 5120K, 0% used [0x00000000dec00000,0x00000000dec00000,0x00000000df100000)
 ParOldGen       total 86016K, used 6674K [0x0000000083400000, 0x0000000088800000, 0x00000000d6700000)
  object space 86016K, 7% used [0x0000000083400000,0x0000000083a84b58,0x0000000088800000)
 Metaspace       used 15881K, capacity 16078K, committed 16384K, reserved 1062912K
  class space    used 1881K, capacity 1972K, committed 2048K, reserved 1048576K
}
Event: 2.643 GC heap before
{Heap before GC invocations=4 (full 0):
 PSYoungGen      total 70656K, used 70640K [0x00000000d6700000, 0x00000000df100000, 0x0000000100000000)
  eden space 65536K, 100% used [0x00000000d6700000,0x00000000da700000,0x00000000da700000)
  from space 5120K, 99% used [0x00000000da700000,0x00000000dabfc010,0x00000000dac00000)
  to   space 5120K, 0% used [0x00000000dec00000,0x00000000dec00000,0x00000000df100000)
 ParOldGen       total 86016K, used 6674K [0x0000000083400000, 0x0000000088800000, 0x00000000d6700000)
  object space 86016K, 7% used [0x0000000083400000,0x0000000083a84b58,0x0000000088800000)
 Metaspace       used 16509K, capacity 16764K, committed 16896K, reserved 1064960K
  class space    used 1919K, capacity 2008K, committed 2048K, reserved 1048576K
Event: 2.673 GC heap after
Heap after GC invocations=4 (full 0):
 PSYoungGen      total 136192K, used 5104K [0x00000000d6700000, 0x00000000df100000, 0x0000000100000000)
  eden space 131072K, 0% used [0x00000000d6700000,0x00000000d6700000,0x00000000de700000)
  from space 5120K, 99% used [0x00000000dec00000,0x00000000df0fc010,0x00000000df100000)
  to   space 5120K, 0% used [0x00000000de700000,0x00000000de700000,0x00000000dec00000)
 ParOldGen       total 86016K, used 14691K [0x0000000083400000, 0x0000000088800000, 0x00000000d6700000)
  object space 86016K, 17% used [0x0000000083400000,0x0000000084258fa8,0x0000000088800000)
 Metaspace       used 16509K, capacity 16764K, committed 16896K, reserved 1064960K
  class space    used 1919K, capacity 2008K, committed 2048K, reserved 1048576K
}
Event: 3.810 GC heap before
{Heap before GC invocations=5 (full 0):
 PSYoungGen      total 136192K, used 136176K [0x00000000d6700000, 0x00000000df100000, 0x0000000100000000)
  eden space 131072K, 100% used [0x00000000d6700000,0x00000000de700000,0x00000000de700000)
  from space 5120K, 99% used [0x00000000dec00000,0x00000000df0fc010,0x00000000df100000)
  to   space 5120K, 0% used [0x00000000de700000,0x00000000de700000,0x00000000dec00000)
 ParOldGen       total 86016K, used 14691K [0x0000000083400000, 0x0000000088800000, 0x00000000d6700000)
  object space 86016K, 17% used [0x0000000083400000,0x0000000084258fa8,0x0000000088800000)
 Metaspace       used 17092K, capacity 17388K, committed 17664K, reserved 1064960K
  class space    used 1926K, capacity 2016K, committed 2048K, reserved 1048576K
Event: 3.862 GC heap after
Heap after GC invocations=5 (full 0):
 PSYoungGen      total 136192K, used 5104K [0x00000000d6700000, 0x00000000e8d00000, 0x0000000100000000)
  eden space 131072K, 0% used [0x00000000d6700000,0x00000000d6700000,0x00000000de700000)
  from space 5120K, 99% used [0x00000000de700000,0x00000000debfc010,0x00000000dec00000)
  to   space 19456K, 0% used [0x00000000e7a00000,0x00000000e7a00000,0x00000000e8d00000)
 ParOldGen       total 86016K, used 26419K [0x0000000083400000, 0x0000000088800000, 0x00000000d6700000)
  object space 86016K, 30% used [0x0000000083400000,0x0000000084dccd38,0x0000000088800000)
 Metaspace       used 17092K, capacity 17388K, committed 17664K, reserved 1064960K
  class space    used 1926K, capacity 2016K, committed 2048K, reserved 1048576K
}
Event: 5.505 GC heap before
{Heap before GC invocations=6 (full 0):
 PSYoungGen      total 136192K, used 114822K [0x00000000d6700000, 0x00000000e8d00000, 0x0000000100000000)
  eden space 131072K, 83% used [0x00000000d6700000,0x00000000dd225a80,0x00000000de700000)
  from space 5120K, 99% used [0x00000000de700000,0x00000000debfc010,0x00000000dec00000)
  to   space 19456K, 0% used [0x00000000e7a00000,0x00000000e7a00000,0x00000000e8d00000)
 ParOldGen       total 86016K, used 26419K [0x0000000083400000, 0x0000000088800000, 0x00000000d6700000)
  object space 86016K, 30% used [0x0000000083400000,0x0000000084dccd38,0x0000000088800000)
 Metaspace       used 20604K, capacity 21190K, committed 21248K, reserved 1069056K
  class space    used 2345K, capacity 2508K, committed 2560K, reserved 1048576K
Event: 5.586 GC heap after
Heap after GC invocations=6 (full 0):
 PSYoungGen      total 281088K, used 13921K [0x00000000d6700000, 0x00000000e8e00000, 0x0000000100000000)
  eden space 261632K, 0% used [0x00000000d6700000,0x00000000d6700000,0x00000000e6680000)
  from space 19456K, 71% used [0x00000000e7a00000,0x00000000e8798770,0x00000000e8d00000)
  to   space 19968K, 0% used [0x00000000e6680000,0x00000000e6680000,0x00000000e7a00000)
 ParOldGen       total 86016K, used 26419K [0x0000000083400000, 0x0000000088800000, 0x00000000d6700000)
  object space 86016K, 30% used [0x0000000083400000,0x0000000084dccd38,0x0000000088800000)
 Metaspace       used 20604K, capacity 21190K, committed 21248K, reserved 1069056K
  class space    used 2345K, capacity 2508K, committed 2560K, reserved 1048576K
}
Event: 5.586 GC heap before
{Heap before GC invocations=7 (full 1):
 PSYoungGen      total 281088K, used 13921K [0x00000000d6700000, 0x00000000e8e00000, 0x0000000100000000)
  eden space 261632K, 0% used [0x00000000d6700000,0x00000000d6700000,0x00000000e6680000)
  from space 19456K, 71% used [0x00000000e7a00000,0x00000000e8798770,0x00000000e8d00000)
  to   space 19968K, 0% used [0x00000000e6680000,0x00000000e6680000,0x00000000e7a00000)
 ParOldGen       total 86016K, used 26419K [0x0000000083400000, 0x0000000088800000, 0x00000000d6700000)
  object space 86016K, 30% used [0x0000000083400000,0x0000000084dccd38,0x0000000088800000)
 Metaspace       used 20604K, capacity 21190K, committed 21248K, reserved 1069056K
  class space    used 2345K, capacity 2508K, committed 2560K, reserved 1048576K
Event: 5.959 GC heap after
Heap after GC invocations=7 (full 1):
 PSYoungGen      total 281088K, used 0K [0x00000000d6700000, 0x00000000e8e00000, 0x0000000100000000)
  eden space 261632K, 0% used [0x00000000d6700000,0x00000000d6700000,0x00000000e6680000)
  from space 19456K, 0% used [0x00000000e7a00000,0x00000000e7a00000,0x00000000e8d00000)
  to   space 19968K, 0% used [0x00000000e6680000,0x00000000e6680000,0x00000000e7a00000)
 ParOldGen       total 97792K, used 32611K [0x0000000083400000, 0x0000000089380000, 0x00000000d6700000)
  object space 97792K, 33% used [0x0000000083400000,0x00000000853d8c48,0x0000000089380000)
 Metaspace       used 20604K, capacity 21190K, committed 21248K, reserved 1069056K
  class space    used 2345K, capacity 2508K, committed 2560K, reserved 1048576K
}
Event: 10.503 GC heap before
{Heap before GC invocations=8 (full 1):
 PSYoungGen      total 281088K, used 261632K [0x00000000d6700000, 0x00000000e8e00000, 0x0000000100000000)
  eden space 261632K, 100% used [0x00000000d6700000,0x00000000e6680000,0x00000000e6680000)
  from space 19456K, 0% used [0x00000000e7a00000,0x00000000e7a00000,0x00000000e8d00000)
  to   space 19968K, 0% used [0x00000000e6680000,0x00000000e6680000,0x00000000e7a00000)
 ParOldGen       total 97792K, used 32611K [0x0000000083400000, 0x0000000089380000, 0x00000000d6700000)
  object space 97792K, 33% used [0x0000000083400000,0x00000000853d8c48,0x0000000089380000)
 Metaspace       used 29804K, capacity 30762K, committed 30848K, reserved 1077248K
  class space    used 3417K, capacity 3686K, committed 3712K, reserved 1048576K

