# JRE version: OpenJDK Runtime Environment (8.0_191-b12) (build 1.8.0_191-8u191-b12-2ubuntu0.16.04.1-b12)
# Java VM: OpenJDK 64-Bit Server VM (25.191-b12 mixed mode linux-amd64 compressed oops)
Heap:
 PSYoungGen      total 418304K, used 14833K [0x00000000d6700000, 0x00000000f0e00000, 0x0000000100000000)
  eden space 403456K, 0% used [0x00000000d6700000,0x00000000d6700000,0x00000000ef100000)
  from space 14848K, 99% used [0x00000000ef100000,0x00000000eff7c710,0x00000000eff80000)
  to   space 12800K, 0% used [0x00000000f0180000,0x00000000f0180000,0x00000000f0e00000)
 ParOldGen       total 132608K, used 45540K [0x0000000083400000, 0x000000008b580000, 0x00000000d6700000)
  object space 132608K, 34% used [0x0000000083400000,0x00000000860793b8,0x000000008b580000)
 Metaspace       used 65858K, capacity 68988K, committed 69376K, reserved 1110016K
  class space    used 8509K, capacity 9107K, committed 9216K, reserved 1048576K
GC Heap History (10 events):
Event: 9.750 GC heap after
Heap after GC invocations=13 (full 2):
 PSYoungGen      total 260096K, used 13393K [0x00000000d6700000, 0x00000000eb180000, 0x0000000100000000)
  eden space 245760K, 0% used [0x00000000d6700000,0x00000000d6700000,0x00000000e5700000)
  from space 14336K, 93% used [0x00000000e5700000,0x00000000e6414530,0x00000000e6500000)
  to   space 15872K, 0% used [0x00000000ea200000,0x00000000ea200000,0x00000000eb180000)
 ParOldGen       total 83456K, used 22435K [0x0000000083400000, 0x0000000088580000, 0x00000000d6700000)
  object space 83456K, 26% used [0x0000000083400000,0x00000000849e8e80,0x0000000088580000)
 Metaspace       used 47124K, capacity 49172K, committed 49280K, reserved 1091584K
  class space    used 5838K, capacity 6244K, committed 6272K, reserved 1048576K
}
Event: 11.643 GC heap before
{Heap before GC invocations=14 (full 2):
 PSYoungGen      total 260096K, used 259153K [0x00000000d6700000, 0x00000000eb180000, 0x0000000100000000)
  eden space 245760K, 100% used [0x00000000d6700000,0x00000000e5700000,0x00000000e5700000)
  from space 14336K, 93% used [0x00000000e5700000,0x00000000e6414530,0x00000000e6500000)
  to   space 15872K, 0% used [0x00000000ea200000,0x00000000ea200000,0x00000000eb180000)
 ParOldGen       total 83456K, used 22435K [0x0000000083400000, 0x0000000088580000, 0x00000000d6700000)
  object space 83456K, 26% used [0x0000000083400000,0x00000000849e8e80,0x0000000088580000)
 Metaspace       used 51686K, capacity 54124K, committed 54144K, reserved 1095680K
  class space    used 6527K, capacity 7036K, committed 7040K, reserved 1048576K
Event: 11.697 GC heap after
Heap after GC invocations=14 (full 2):
 PSYoungGen      total 323072K, used 8782K [0x00000000d6700000, 0x00000000ec080000, 0x0000000100000000)
  eden space 307200K, 0% used [0x00000000d6700000,0x00000000d6700000,0x00000000e9300000)
  from space 15872K, 55% used [0x00000000ea200000,0x00000000eaa939a0,0x00000000eb180000)
  to   space 15360K, 0% used [0x00000000e9300000,0x00000000e9300000,0x00000000ea200000)
 ParOldGen       total 83456K, used 31588K [0x0000000083400000, 0x0000000088580000, 0x00000000d6700000)
  object space 83456K, 37% used [0x0000000083400000,0x00000000852d9398,0x0000000088580000)
 Metaspace       used 51686K, capacity 54124K, committed 54144K, reserved 1095680K
  class space    used 6527K, capacity 7036K, committed 7040K, reserved 1048576K
}
Event: 14.004 GC heap before
{Heap before GC invocations=15 (full 2):
 PSYoungGen      total 323072K, used 315982K [0x00000000d6700000, 0x00000000ec080000, 0x0000000100000000)
  eden space 307200K, 100% used [0x00000000d6700000,0x00000000e9300000,0x00000000e9300000)
  from space 15872K, 55% used [0x00000000ea200000,0x00000000eaa939a0,0x00000000eb180000)
  to   space 15360K, 0% used [0x00000000e9300000,0x00000000e9300000,0x00000000ea200000)
 ParOldGen       total 83456K, used 31588K [0x0000000083400000, 0x0000000088580000, 0x00000000d6700000)
  object space 83456K, 37% used [0x0000000083400000,0x00000000852d9398,0x0000000088580000)
 Metaspace       used 54971K, capacity 57628K, committed 57728K, reserved 1099776K
  class space    used 6975K, capacity 7496K, committed 7552K, reserved 1048576K
Event: 14.086 GC heap after
Heap after GC invocations=15 (full 2):
 PSYoungGen      total 322560K, used 9275K [0x00000000d6700000, 0x00000000f1000000, 0x0000000100000000)
  eden space 307200K, 0% used [0x00000000d6700000,0x00000000d6700000,0x00000000e9300000)
  from space 15360K, 60% used [0x00000000e9300000,0x00000000e9c0ef40,0x00000000ea200000)
  to   space 14848K, 0% used [0x00000000f0180000,0x00000000f0180000,0x00000000f1000000)
 ParOldGen       total 83456K, used 36864K [0x0000000083400000, 0x0000000088580000, 0x00000000d6700000)
  object space 83456K, 44% used [0x0000000083400000,0x00000000858001c8,0x0000000088580000)
 Metaspace       used 54971K, capacity 57628K, committed 57728K, reserved 1099776K
  class space    used 6975K, capacity 7496K, committed 7552K, reserved 1048576K
}
Event: 14.974 GC heap before
{Heap before GC invocations=16 (full 2):
 PSYoungGen      total 322560K, used 146759K [0x00000000d6700000, 0x00000000f1000000, 0x0000000100000000)
  eden space 307200K, 44% used [0x00000000d6700000,0x00000000ded42d40,0x00000000e9300000)
  from space 15360K, 60% used [0x00000000e9300000,0x00000000e9c0ef40,0x00000000ea200000)
  to   space 14848K, 0% used [0x00000000f0180000,0x00000000f0180000,0x00000000f1000000)
 ParOldGen       total 83456K, used 36864K [0x0000000083400000, 0x0000000088580000, 0x00000000d6700000)
  object space 83456K, 44% used [0x0000000083400000,0x00000000858001c8,0x0000000088580000)
 Metaspace       used 56166K, capacity 58878K, committed 59028K, reserved 1101824K
  class space    used 7126K, capacity 7651K, committed 7680K, reserved 1048576K
Event: 14.997 GC heap after
Heap after GC invocations=16 (full 2):
 PSYoungGen      total 416256K, used 4117K [0x00000000d6700000, 0x00000000f0e00000, 0x0000000100000000)
  eden space 403456K, 0% used [0x00000000d6700000,0x00000000d6700000,0x00000000ef100000)
  from space 12800K, 32% used [0x00000000f0180000,0x00000000f0585428,0x00000000f0e00000)
  to   space 14848K, 0% used [0x00000000ef100000,0x00000000ef100000,0x00000000eff80000)
 ParOldGen       total 83456K, used 43272K [0x0000000083400000, 0x0000000088580000, 0x00000000d6700000)
  object space 83456K, 51% used [0x0000000083400000,0x0000000085e42258,0x0000000088580000)
 Metaspace       used 56166K, capacity 58878K, committed 59028K, reserved 1101824K
  class space    used 7126K, capacity 7651K, committed 7680K, reserved 1048576K
}
Event: 14.997 GC heap before
{Heap before GC invocations=17 (full 3):
 PSYoungGen      total 416256K, used 4117K [0x00000000d6700000, 0x00000000f0e00000, 0x0000000100000000)
  eden space 403456K, 0% used [0x00000000d6700000,0x00000000d6700000,0x00000000ef100000)
  from space 12800K, 32% used [0x00000000f0180000,0x00000000f0585428,0x00000000f0e00000)
  to   space 14848K, 0% used [0x00000000ef100000,0x00000000ef100000,0x00000000eff80000)
 ParOldGen       total 83456K, used 43272K [0x0000000083400000, 0x0000000088580000, 0x00000000d6700000)
  object space 83456K, 51% used [0x0000000083400000,0x0000000085e42258,0x0000000088580000)
 Metaspace       used 56166K, capacity 58878K, committed 59028K, reserved 1101824K
  class space    used 7126K, capacity 7651K, committed 7680K, reserved 1048576K
Event: 15.288 GC heap after
Heap after GC invocations=17 (full 3):
 PSYoungGen      total 416256K, used 0K [0x00000000d6700000, 0x00000000f0e00000, 0x0000000100000000)
  eden space 403456K, 0% used [0x00000000d6700000,0x00000000d6700000,0x00000000ef100000)
  from space 12800K, 0% used [0x00000000f0180000,0x00000000f0180000,0x00000000f0e00000)
  to   space 14848K, 0% used [0x00000000ef100000,0x00000000ef100000,0x00000000eff80000)
 ParOldGen       total 132608K, used 44495K [0x0000000083400000, 0x000000008b580000, 0x00000000d6700000)
  object space 132608K, 33% used [0x0000000083400000,0x0000000085f73c40,0x000000008b580000)
 Metaspace       used 56162K, capacity 58872K, committed 59028K, reserved 1101824K
  class space    used 7126K, capacity 7650K, committed 7680K, reserved 1048576K
}
Event: 91.237 GC heap before
{Heap before GC invocations=18 (full 3):
 PSYoungGen      total 416256K, used 403456K [0x00000000d6700000, 0x00000000f0e00000, 0x0000000100000000)
  eden space 403456K, 100% used [0x00000000d6700000,0x00000000ef100000,0x00000000ef100000)
  from space 12800K, 0% used [0x00000000f0180000,0x00000000f0180000,0x00000000f0e00000)
  to   space 14848K, 0% used [0x00000000ef100000,0x00000000ef100000,0x00000000eff80000)
 ParOldGen       total 132608K, used 44495K [0x0000000083400000, 0x000000008b580000, 0x00000000d6700000)
  object space 132608K, 33% used [0x0000000083400000,0x0000000085f73c40,0x000000008b580000)
 Metaspace       used 65858K, capacity 68988K, committed 69376K, reserved 1110016K
  class space    used 8509K, capacity 9107K, committed 9216K, reserved 1048576K

